[debug] [2018-03-14T17:23:59.612Z] ----------------------------------------------------------------------
[debug] [2018-03-14T17:23:59.614Z] Command:       /usr/local/bin/node /usr/local/bin/firebase serve
[debug] [2018-03-14T17:23:59.614Z] CLI Version:   3.17.6
[debug] [2018-03-14T17:23:59.614Z] Platform:      darwin
[debug] [2018-03-14T17:23:59.614Z] Node Version:  v9.8.0
[debug] [2018-03-14T17:23:59.615Z] Time:          Wed Mar 14 2018 12:23:59 GMT-0500 (CDT)
[debug] [2018-03-14T17:23:59.615Z] ----------------------------------------------------------------------
[debug] 
[debug] [2018-03-14T17:23:59.668Z] > command requires scopes: ["email","openid","https://www.googleapis.com/auth/cloudplatformprojects.readonly","https://www.googleapis.com/auth/firebase","https://www.googleapis.com/auth/cloud-platform"]
[debug] [2018-03-14T17:23:59.668Z] > authorizing via signed-in user
[debug] [2018-03-14T17:23:59.669Z] > refreshing access token with scopes: ["email","https://www.googleapis.com/auth/cloud-platform","https://www.googleapis.com/auth/cloudplatformprojects.readonly","https://www.googleapis.com/auth/firebase","openid"]
[debug] [2018-03-14T17:23:59.669Z] >>> HTTP REQUEST POST https://www.googleapis.com/oauth2/v3/token  
 { refresh_token: '1/O5kRN6CqYWXsrCQv10uHU0Lcht0NUoqHBb5M70keAuI',
  client_id: '563584335869-fgrhgmd47bqnekij5i8b5pr03ho849e6.apps.googleusercontent.com',
  client_secret: 'j9iVZfS8kkCEFUPaAeJV0sAi',
  grant_type: 'refresh_token',
  scope: 'email https://www.googleapis.com/auth/cloud-platform https://www.googleapis.com/auth/cloudplatformprojects.readonly https://www.googleapis.com/auth/firebase openid' } 
 Wed Mar 14 2018 12:23:59 GMT-0500 (CDT)
[debug] [2018-03-14T17:23:59.997Z] <<< HTTP RESPONSE 200
[debug] [2018-03-14T17:24:00.063Z] >>> HTTP REQUEST GET https://admin.firebase.com/v1/projects/train-scheduler-bbc3e  
  
 Wed Mar 14 2018 12:24:00 GMT-0500 (CDT)
[debug] [2018-03-14T17:24:01.009Z] <<< HTTP RESPONSE 200
[debug] [2018-03-14T17:24:01.010Z] >>> HTTP REQUEST GET https://admin.firebase.com/v1/database/train-scheduler-bbc3e/tokens  
  
 Wed Mar 14 2018 12:24:01 GMT-0500 (CDT)
[debug] [2018-03-14T17:24:01.430Z] <<< HTTP RESPONSE 200
[debug] [2018-03-14T17:24:01.431Z] >>> HTTP REQUEST GET https://cloudresourcemanager.googleapis.com/v1/projects/train-scheduler-bbc3e  
  
 Wed Mar 14 2018 12:24:01 GMT-0500 (CDT)
[debug] [2018-03-14T17:24:01.766Z] <<< HTTP RESPONSE 200
[info] 
[info] === Serving from '/Users/mhector/Library/Mobile Documents/com~apple~CloudDocs/materializeRepos/Train-Scheduler'...
[info] 
[debug] [2018-03-14T17:24:01.767Z] >>> HTTP REQUEST GET https://mobilesdk-pa.googleapis.com/v1/projects/911719863589/clients/_:getWebAppConfig  
  
 Wed Mar 14 2018 12:24:01 GMT-0500 (CDT)
[debug] [2018-03-14T17:24:02.432Z] <<< HTTP RESPONSE 200
[warn] ⚠  hosting: Port 5000 is not available. Trying another port...
[debug] [2018-03-14T17:24:02.545Z] >>> HTTP REQUEST GET https://mobilesdk-pa.googleapis.com/v1/projects/911719863589/clients/_:getWebAppConfig  
  
 Wed Mar 14 2018 12:24:02 GMT-0500 (CDT)
[debug] [2018-03-14T17:24:02.843Z] <<< HTTP RESPONSE 200
[info] i  hosting: Serving hosting files from: public
[info] ✔  hosting: Local server: http://localhost:5004

